TN:
SF:/workspace/src/svg.c
FNL:0,112,134
FNA:0,48,svg_group_begin
FNL:1,136,142
FNA:1,20,svg_group_end
FNL:2,25,44
FNA:2,230,svg_create
FNL:3,46,55
FNA:3,200,svg_destroy
FNL:4,57,73
FNA:4,57,svg_circle
FNL:5,76,92
FNA:5,47,svg_rect
FNL:6,94,110
FNA:6,48,svg_line
FNF:7
FNH:7
DA:25,230
DA:30,230
DA:32,200
DA:33,200
DA:34,200
DA:35,200
DA:39,200
DA:41,200
DA:43,200
DA:46,200
DA:47,200
DA:48,190
DA:50,90
DA:51,90
DA:53,90
DA:54,90
DA:57,57
DA:61,57
DA:64,37
DA:66,37
DA:67,17
DA:70,20
DA:71,20
DA:76,47
DA:80,47
DA:83,27
DA:85,27
DA:86,17
DA:89,10
DA:90,10
DA:94,48
DA:98,48
DA:101,28
DA:103,28
DA:104,8
DA:107,20
DA:108,20
DA:112,48
DA:114,48
DA:116,38
DA:117,10
DA:118,10
DA:119,10
DA:123,28
DA:125,28
DA:126,8
DA:129,20
DA:130,20
DA:131,20
DA:136,20
DA:137,20
DA:139,10
DA:140,10
DA:141,10
LF:54
LH:54
end_of_record
